2024-01-04 00:58:12,222 INFO d.Main [main] Exam by ID: Exam{id=1, date=2022-10-14, course=1, subject=8}
2024-01-04 00:58:12,288 ERROR d.d.ExamDAO [main] Failed inserting record
java.sql.SQLException: No value specified for parameter 3
	at com.mysql.cj.jdbc.exceptions.SQLError.createSQLException(SQLError.java:129) ~[mysql-connector-java-8.0.30.jar:8.0.30]
	at com.mysql.cj.jdbc.exceptions.SQLExceptionsMapping.translateException(SQLExceptionsMapping.java:122) ~[mysql-connector-java-8.0.30.jar:8.0.30]
	at com.mysql.cj.jdbc.ClientPreparedStatement.executeUpdateInternal(ClientPreparedStatement.java:1084) ~[mysql-connector-java-8.0.30.jar:8.0.30]
	at com.mysql.cj.jdbc.ClientPreparedStatement.executeUpdateInternal(ClientPreparedStatement.java:1009) ~[mysql-connector-java-8.0.30.jar:8.0.30]
	at com.mysql.cj.jdbc.ClientPreparedStatement.executeLargeUpdate(ClientPreparedStatement.java:1320) ~[mysql-connector-java-8.0.30.jar:8.0.30]
	at com.mysql.cj.jdbc.ClientPreparedStatement.executeUpdate(ClientPreparedStatement.java:994) ~[mysql-connector-java-8.0.30.jar:8.0.30]
	at solvd.laba.persistence.ExamDAO.insert(ExamDAO.java:27) ~[classes/:?]
	at solvd.laba.services.ExamsMysqlService.insert(ExamsMysqlService.java:18) ~[classes/:?]
	at solvd.Main.main(Main.java:39) ~[classes/:?]
2024-01-04 00:58:12,308 INFO d.Main [main] New exam inserted: Exam{id=2, date=2024-01-04, course=3, subject=4}
2024-01-04 00:58:12,352 INFO d.Main [main] All exams:
2024-01-04 00:58:12,353 INFO d.Main [main] Exam{id=1, date=2022-10-14, course=1, subject=8}
2024-01-04 00:58:12,354 INFO d.Main [main] Exam{id=2, date=2022-10-15, course=2, subject=8}
2024-01-04 00:58:12,354 INFO d.Main [main] Exam{id=3, date=2022-10-25, course=5, subject=11}
2024-01-04 00:58:12,355 INFO d.Main [main] Exam{id=4, date=2022-09-15, course=3, subject=9}
2024-01-04 00:58:12,355 INFO d.Main [main] Exam{id=5, date=2022-10-15, course=3, subject=9}
2024-01-04 00:58:12,356 INFO d.Main [main] Exam{id=6, date=2022-03-21, course=7, subject=10}
2024-01-04 00:58:12,356 INFO d.Main [main] Exam{id=7, date=2022-03-21, course=8, subject=10}
2024-01-04 00:58:12,357 INFO d.Main [main] Exam{id=8, date=2022-05-21, course=4, subject=7}
2024-01-04 00:58:12,357 INFO d.Main [main] Exam{id=9, date=2022-05-21, course=8, subject=10}
2024-01-04 00:58:12,358 INFO d.Main [main] Exam{id=10, date=2022-03-21, course=6, subject=11}
2024-01-04 00:58:12,358 INFO d.Main [main] Exam{id=11, date=2023-03-29, course=9, subject=3}
2024-01-04 00:58:12,358 INFO d.Main [main] Exam{id=12, date=2022-10-14, course=1, subject=8}
2024-01-04 00:58:12,359 INFO d.Main [main] Exam{id=13, date=2022-10-15, course=2, subject=8}
2024-01-04 00:58:12,361 INFO d.Main [main] Exam{id=14, date=2022-10-25, course=5, subject=11}
2024-01-04 00:58:12,362 INFO d.Main [main] Exam{id=15, date=2022-09-15, course=3, subject=9}
2024-01-04 00:58:12,362 INFO d.Main [main] Exam{id=16, date=2022-10-15, course=3, subject=9}
2024-01-04 00:58:12,363 INFO d.Main [main] Exam{id=17, date=2022-03-21, course=7, subject=10}
2024-01-04 00:58:12,363 INFO d.Main [main] Exam{id=18, date=2022-03-21, course=8, subject=10}
2024-01-04 00:58:12,364 INFO d.Main [main] Exam{id=19, date=2022-05-21, course=4, subject=7}
2024-01-04 00:58:12,365 INFO d.Main [main] Exam{id=20, date=2022-05-21, course=8, subject=10}
2024-01-04 00:58:12,366 INFO d.Main [main] Exam{id=21, date=2022-03-21, course=6, subject=11}
2024-01-04 00:58:12,367 INFO d.Main [main] Exam{id=22, date=2022-03-21, course=9, subject=3}
2024-01-05 07:27:03,997 INFO d.Main [main] Exam by ID: Exam{id=1, date=2022-10-14, course=1, subject=8}
2024-01-05 07:27:04,086 INFO d.Main [main] New exam inserted: Exam{id=2, date=2024-01-05, course=3, subject=4}
2024-01-05 07:27:04,130 INFO d.Main [main] All exams:
2024-01-05 07:27:04,132 INFO d.Main [main] Exam{id=1, date=2022-10-14, course=1, subject=8}
2024-01-05 07:27:04,132 INFO d.Main [main] Exam{id=2, date=2022-10-15, course=2, subject=8}
2024-01-05 07:27:04,133 INFO d.Main [main] Exam{id=3, date=2022-10-25, course=5, subject=11}
2024-01-05 07:27:04,134 INFO d.Main [main] Exam{id=4, date=2022-09-15, course=3, subject=9}
2024-01-05 07:27:04,135 INFO d.Main [main] Exam{id=5, date=2022-10-15, course=3, subject=9}
2024-01-05 07:27:04,136 INFO d.Main [main] Exam{id=6, date=2022-03-21, course=7, subject=10}
2024-01-05 07:27:04,137 INFO d.Main [main] Exam{id=7, date=2022-03-21, course=8, subject=10}
2024-01-05 07:27:04,138 INFO d.Main [main] Exam{id=8, date=2022-05-21, course=4, subject=7}
2024-01-05 07:27:04,138 INFO d.Main [main] Exam{id=9, date=2022-05-21, course=8, subject=10}
2024-01-05 07:27:04,139 INFO d.Main [main] Exam{id=10, date=2022-03-21, course=6, subject=11}
2024-01-05 07:27:04,140 INFO d.Main [main] Exam{id=11, date=2023-03-29, course=9, subject=3}
2024-01-05 07:27:04,141 INFO d.Main [main] Exam{id=12, date=2022-10-14, course=1, subject=8}
2024-01-05 07:27:04,142 INFO d.Main [main] Exam{id=13, date=2022-10-15, course=2, subject=8}
2024-01-05 07:27:04,143 INFO d.Main [main] Exam{id=14, date=2022-10-25, course=5, subject=11}
2024-01-05 07:27:04,143 INFO d.Main [main] Exam{id=15, date=2022-09-15, course=3, subject=9}
2024-01-05 07:27:04,144 INFO d.Main [main] Exam{id=16, date=2022-10-15, course=3, subject=9}
2024-01-05 07:27:04,144 INFO d.Main [main] Exam{id=17, date=2022-03-21, course=7, subject=10}
2024-01-05 07:27:04,145 INFO d.Main [main] Exam{id=18, date=2022-03-21, course=8, subject=10}
2024-01-05 07:27:04,146 INFO d.Main [main] Exam{id=19, date=2022-05-21, course=4, subject=7}
2024-01-05 07:27:04,146 INFO d.Main [main] Exam{id=20, date=2022-05-21, course=8, subject=10}
2024-01-05 07:27:04,147 INFO d.Main [main] Exam{id=21, date=2022-03-21, course=6, subject=11}
2024-01-05 07:27:04,148 INFO d.Main [main] Exam{id=22, date=2022-03-21, course=9, subject=3}
2024-01-05 07:27:04,148 INFO d.Main [main] Exam{id=23, date=2024-01-05, course=3, subject=4}
